{"/home/webreflection/code/protostate/protostate.js":{"path":"/home/webreflection/code/protostate/protostate.js","s":{"1":1,"2":9,"3":1,"4":2,"5":2,"6":1,"7":1,"8":1,"9":2,"10":6,"11":6,"12":2,"13":1,"14":1,"15":1,"16":2,"17":1,"18":1,"19":1,"20":1,"21":5,"22":1,"23":1,"24":5,"25":1,"26":2,"27":2,"28":1,"29":1,"30":1,"31":5,"32":1,"33":1,"34":1},"b":{"1":[9,1],"2":[1,1],"3":[1,1],"4":[5,4]},"f":{"1":9,"2":2,"3":1,"4":1,"5":5,"6":2,"7":1},"fnMap":{"1":{"name":"State","line":2,"loc":{"start":{"line":2,"column":0},"end":{"line":2,"column":22}}},"2":{"name":"diff","line":6,"loc":{"start":{"line":6,"column":13},"end":{"line":6,"column":39}}},"3":{"name":"keys","line":25,"loc":{"start":{"line":25,"column":13},"end":{"line":25,"column":34}}},"4":{"name":"merge","line":31,"loc":{"start":{"line":31,"column":14},"end":{"line":31,"column":36}}},"5":{"name":"next","line":37,"loc":{"start":{"line":37,"column":13},"end":{"line":37,"column":41}}},"6":{"name":"prev","line":41,"loc":{"start":{"line":41,"column":13},"end":{"line":41,"column":34}}},"7":{"name":"history","line":46,"loc":{"start":{"line":46,"column":13},"end":{"line":46,"column":37}}}},"statementMap":{"1":{"start":{"line":2,"column":0},"end":{"line":4,"column":1}},"2":{"start":{"line":3,"column":2},"end":{"line":3,"column":49}},"3":{"start":{"line":6,"column":0},"end":{"line":23,"column":2}},"4":{"start":{"line":7,"column":2},"end":{"line":7,"column":29}},"5":{"start":{"line":9,"column":2},"end":{"line":13,"column":3}},"6":{"start":{"line":10,"column":4},"end":{"line":10,"column":15}},"7":{"start":{"line":11,"column":4},"end":{"line":11,"column":16}},"8":{"start":{"line":12,"column":4},"end":{"line":12,"column":15}},"9":{"start":{"line":14,"column":2},"end":{"line":21,"column":3}},"10":{"start":{"line":15,"column":4},"end":{"line":19,"column":6}},"11":{"start":{"line":20,"column":4},"end":{"line":20,"column":39}},"12":{"start":{"line":22,"column":2},"end":{"line":22,"column":26}},"13":{"start":{"line":25,"column":0},"end":{"line":29,"column":2}},"14":{"start":{"line":26,"column":2},"end":{"line":26,"column":21}},"15":{"start":{"line":27,"column":2},"end":{"line":27,"column":36}},"16":{"start":{"line":27,"column":21},"end":{"line":27,"column":36}},"17":{"start":{"line":28,"column":2},"end":{"line":28,"column":14}},"18":{"start":{"line":31,"column":0},"end":{"line":35,"column":2}},"19":{"start":{"line":32,"column":2},"end":{"line":32,"column":22}},"20":{"start":{"line":33,"column":2},"end":{"line":33,"column":45}},"21":{"start":{"line":33,"column":21},"end":{"line":33,"column":45}},"22":{"start":{"line":34,"column":2},"end":{"line":34,"column":26}},"23":{"start":{"line":37,"column":0},"end":{"line":39,"column":2}},"24":{"start":{"line":38,"column":2},"end":{"line":38,"column":56}},"25":{"start":{"line":41,"column":0},"end":{"line":44,"column":2}},"26":{"start":{"line":42,"column":2},"end":{"line":42,"column":46}},"27":{"start":{"line":43,"column":2},"end":{"line":43,"column":56}},"28":{"start":{"line":46,"column":0},"end":{"line":51,"column":2}},"29":{"start":{"line":47,"column":2},"end":{"line":47,"column":12}},"30":{"start":{"line":48,"column":2},"end":{"line":49,"column":43}},"31":{"start":{"line":48,"column":7},"end":{"line":48,"column":44}},"32":{"start":{"line":50,"column":2},"end":{"line":50,"column":11}},"33":{"start":{"line":53,"column":0},"end":{"line":53,"column":45}},"34":{"start":{"line":53,"column":6},"end":{"line":53,"column":29}}},"branchMap":{"1":{"line":3,"type":"binary-expr","locations":[{"start":{"line":3,"column":23},"end":{"line":3,"column":27}},{"start":{"line":3,"column":31},"end":{"line":3,"column":40}}]},"2":{"line":9,"type":"if","locations":[{"start":{"line":9,"column":2},"end":{"line":9,"column":2}},{"start":{"line":9,"column":2},"end":{"line":9,"column":2}}]},"3":{"line":43,"type":"cond-expr","locations":[{"start":{"line":43,"column":40},"end":{"line":43,"column":44}},{"start":{"line":43,"column":47},"end":{"line":43,"column":55}}]},"4":{"line":49,"type":"binary-expr","locations":[{"start":{"line":49,"column":9},"end":{"line":49,"column":34}},{"start":{"line":49,"column":38},"end":{"line":49,"column":41}}]}}}}