{"/home/webreflection/code/protostate/protostate.js":{"path":"/home/webreflection/code/protostate/protostate.js","s":{"1":1,"2":9,"3":1,"4":1,"5":1,"6":3,"7":3,"8":1,"9":1,"10":1,"11":1,"12":2,"13":1,"14":1,"15":1,"16":1,"17":5,"18":1,"19":1,"20":5,"21":1,"22":2,"23":2,"24":1,"25":1,"26":1,"27":5,"28":1,"29":1,"30":1},"b":{"1":[9,1],"2":[1,1],"3":[5,4]},"f":{"1":9,"2":1,"3":1,"4":1,"5":5,"6":2,"7":1},"fnMap":{"1":{"name":"State","line":2,"loc":{"start":{"line":2,"column":0},"end":{"line":2,"column":22}}},"2":{"name":"diff","line":6,"loc":{"start":{"line":6,"column":13},"end":{"line":6,"column":39}}},"3":{"name":"keys","line":19,"loc":{"start":{"line":19,"column":13},"end":{"line":19,"column":34}}},"4":{"name":"merge","line":25,"loc":{"start":{"line":25,"column":14},"end":{"line":25,"column":36}}},"5":{"name":"next","line":31,"loc":{"start":{"line":31,"column":13},"end":{"line":31,"column":41}}},"6":{"name":"prev","line":35,"loc":{"start":{"line":35,"column":13},"end":{"line":35,"column":34}}},"7":{"name":"history","line":40,"loc":{"start":{"line":40,"column":13},"end":{"line":40,"column":37}}}},"statementMap":{"1":{"start":{"line":2,"column":0},"end":{"line":4,"column":1}},"2":{"start":{"line":3,"column":2},"end":{"line":3,"column":49}},"3":{"start":{"line":6,"column":0},"end":{"line":17,"column":2}},"4":{"start":{"line":7,"column":2},"end":{"line":7,"column":24}},"5":{"start":{"line":8,"column":2},"end":{"line":15,"column":3}},"6":{"start":{"line":9,"column":4},"end":{"line":13,"column":6}},"7":{"start":{"line":14,"column":4},"end":{"line":14,"column":39}},"8":{"start":{"line":16,"column":2},"end":{"line":16,"column":26}},"9":{"start":{"line":19,"column":0},"end":{"line":23,"column":2}},"10":{"start":{"line":20,"column":2},"end":{"line":20,"column":21}},"11":{"start":{"line":21,"column":2},"end":{"line":21,"column":36}},"12":{"start":{"line":21,"column":21},"end":{"line":21,"column":36}},"13":{"start":{"line":22,"column":2},"end":{"line":22,"column":14}},"14":{"start":{"line":25,"column":0},"end":{"line":29,"column":2}},"15":{"start":{"line":26,"column":2},"end":{"line":26,"column":22}},"16":{"start":{"line":27,"column":2},"end":{"line":27,"column":45}},"17":{"start":{"line":27,"column":21},"end":{"line":27,"column":45}},"18":{"start":{"line":28,"column":2},"end":{"line":28,"column":26}},"19":{"start":{"line":31,"column":0},"end":{"line":33,"column":2}},"20":{"start":{"line":32,"column":2},"end":{"line":32,"column":56}},"21":{"start":{"line":35,"column":0},"end":{"line":38,"column":2}},"22":{"start":{"line":36,"column":2},"end":{"line":36,"column":46}},"23":{"start":{"line":37,"column":2},"end":{"line":37,"column":56}},"24":{"start":{"line":40,"column":0},"end":{"line":45,"column":2}},"25":{"start":{"line":41,"column":2},"end":{"line":41,"column":12}},"26":{"start":{"line":42,"column":2},"end":{"line":43,"column":43}},"27":{"start":{"line":42,"column":7},"end":{"line":42,"column":44}},"28":{"start":{"line":44,"column":2},"end":{"line":44,"column":11}},"29":{"start":{"line":47,"column":0},"end":{"line":47,"column":45}},"30":{"start":{"line":47,"column":6},"end":{"line":47,"column":29}}},"branchMap":{"1":{"line":3,"type":"binary-expr","locations":[{"start":{"line":3,"column":23},"end":{"line":3,"column":27}},{"start":{"line":3,"column":31},"end":{"line":3,"column":40}}]},"2":{"line":37,"type":"cond-expr","locations":[{"start":{"line":37,"column":40},"end":{"line":37,"column":44}},{"start":{"line":37,"column":47},"end":{"line":37,"column":55}}]},"3":{"line":43,"type":"binary-expr","locations":[{"start":{"line":43,"column":9},"end":{"line":43,"column":34}},{"start":{"line":43,"column":38},"end":{"line":43,"column":41}}]}}}}