TN:
SF:/home/webreflection/code/protostate/protostate.js
FN:2,State
FN:6,diff
FN:25,keys
FN:31,merge
FN:37,next
FN:41,prev
FN:46,history
FNF:7
FNH:7
FNDA:9,State
FNDA:2,diff
FNDA:1,keys
FNDA:1,merge
FNDA:5,next
FNDA:2,prev
FNDA:1,history
DA:2,1
DA:3,9
DA:6,1
DA:7,2
DA:9,2
DA:10,1
DA:11,1
DA:12,1
DA:14,2
DA:15,6
DA:20,6
DA:22,2
DA:25,1
DA:26,1
DA:27,2
DA:28,1
DA:31,1
DA:32,1
DA:33,5
DA:34,1
DA:37,1
DA:38,5
DA:41,1
DA:42,2
DA:43,2
DA:46,1
DA:47,1
DA:48,5
DA:50,1
DA:53,1
LF:30
LH:30
BRDA:3,1,0,9
BRDA:3,1,1,1
BRDA:9,2,0,1
BRDA:9,2,1,1
BRDA:43,3,0,1
BRDA:43,3,1,1
BRDA:49,4,0,5
BRDA:49,4,1,4
BRF:8
BRH:8
end_of_record
