TN:
SF:/home/webreflection/code/protostate/protostate.js
FN:2,State
FN:6,diff
FN:19,keys
FN:25,merge
FN:31,next
FN:35,prev
FN:40,history
FNF:7
FNH:7
FNDA:9,State
FNDA:1,diff
FNDA:1,keys
FNDA:1,merge
FNDA:5,next
FNDA:2,prev
FNDA:1,history
DA:2,1
DA:3,9
DA:6,1
DA:7,1
DA:8,1
DA:9,3
DA:14,3
DA:16,1
DA:19,1
DA:20,1
DA:21,2
DA:22,1
DA:25,1
DA:26,1
DA:27,5
DA:28,1
DA:31,1
DA:32,5
DA:35,1
DA:36,2
DA:37,2
DA:40,1
DA:41,1
DA:42,5
DA:44,1
DA:47,1
LF:26
LH:26
BRDA:3,1,0,9
BRDA:3,1,1,1
BRDA:37,2,0,1
BRDA:37,2,1,1
BRDA:43,3,0,5
BRDA:43,3,1,4
BRF:6
BRH:6
end_of_record
